<?xml version="1.0" encoding="UTF-8"?>
<!-- Generated by org.testng.reporters.JUnitXMLReporter -->
<testsuite hostname="DESKTOP-C4GOGT3" ignored="0" name="BankingApp Test" tests="10" failures="1" timestamp="21 Jun 2020 15:54:17 GMT" time="131.989" errors="0">
  <testcase name="NewAccountTest" time="6.865" classname="com.pncbank.TestCases.TC_NewAccountTest_005"/>
  <testcase name="loginTest" time="3.014" classname="com.pncbank.TestCases.TC_LoginTest_001"/>
  <testcase name="editTestCase" time="11.68" classname="com.pncbank.TestCases.TC_EditCustomer_002"/>
  <testcase name="addNewCustomer" time="10.421" classname="com.pncbank.TestCases.TC_AddCustomerTest_003"/>
  <testcase name="DeleteTestCase" time="11.63" classname="com.pncbank.TestCases.TC_DeleteCustomerPage_004"/>
  <testcase name="BalanceEnqueryTestCase" time="8.956" classname="com.pncbank.TestCases.TC_BalanceEnqueryTest_008"/>
  <testcase name="ChangepasswordTestCase" time="8.592" classname="com.pncbank.TestCases.TC_ChangePasswordTest_007"/>
  <testcase name="Logoutend" time="8.455" classname="com.pncbank.TestCases.TC_LogoutTest_010"/>
  <testcase name="MiniStatement" time="8.95" classname="com.pncbank.TestCases.TC_MiniStatementForm_009"/>
  <testcase name="depositMoney" time="7.789" classname="com.pncbank.TestCases.TC_DepositMoneyTest_006">
    <failure type="org.openqa.selenium.ElementClickInterceptedException" message="element click intercepted: Element &amp;lt;a href=&amp;quot;...Input.php&amp;quot;&amp;gt;Deposit&amp;lt;/a&amp;gt; is not clickable at point (120, 396). Other element would receive the click: &amp;lt;div id=&amp;quot;primis_container_div&amp;quot;&amp;gt;...&amp;lt;/div&amp;gt;
  (Session info: chrome=83.0.4103.106)
Build info: version: &amp;apos;3.141.59&amp;apos;, revision: &amp;apos;e82be7d358&amp;apos;, time: &amp;apos;2018-11-14T08:17:03&amp;apos;
System info: host: &amp;apos;DESKTOP-C4GOGT3&amp;apos;, ip: &amp;apos;192.168.117.1&amp;apos;, os.name: &amp;apos;Windows 10&amp;apos;, os.arch: &amp;apos;amd64&amp;apos;, os.version: &amp;apos;10.0&amp;apos;, java.version: &amp;apos;1.8.0_211&amp;apos;
Driver info: org.openqa.selenium.chrome.ChromeDriver
Capabilities {acceptInsecureCerts: false, browserName: chrome, browserVersion: 83.0.4103.106, chrome: {chromedriverVersion: 83.0.4103.14 (be04594a2b841..., userDataDir: C:\Users\davin\AppData\Loca...}, goog:chromeOptions: {debuggerAddress: localhost:62349}, javascriptEnabled: true, networkConnectionEnabled: false, pageLoadStrategy: normal, platform: WINDOWS, platformName: WINDOWS, proxy: Proxy(), setWindowRect: true, strictFileInteractability: false, timeouts: {implicit: 0, pageLoad: 300000, script: 30000}, unhandledPromptBehavior: dismiss and notify, webauthn:virtualAuthenticators: true}
Session ID: 7fcf66f2f077b0e59156f420d26d4616">
      <![CDATA[org.openqa.selenium.ElementClickInterceptedException: element click intercepted: Element <a href="...Input.php">Deposit</a> is not clickable at point (120, 396). Other element would receive the click: <div id="primis_container_div">...</div>
  (Session info: chrome=83.0.4103.106)
Build info: version: '3.141.59', revision: 'e82be7d358', time: '2018-11-14T08:17:03'
System info: host: 'DESKTOP-C4GOGT3', ip: '192.168.117.1', os.name: 'Windows 10', os.arch: 'amd64', os.version: '10.0', java.version: '1.8.0_211'
Driver info: org.openqa.selenium.chrome.ChromeDriver
Capabilities {acceptInsecureCerts: false, browserName: chrome, browserVersion: 83.0.4103.106, chrome: {chromedriverVersion: 83.0.4103.14 (be04594a2b841..., userDataDir: C:\Users\davin\AppData\Loca...}, goog:chromeOptions: {debuggerAddress: localhost:62349}, javascriptEnabled: true, networkConnectionEnabled: false, pageLoadStrategy: normal, platform: WINDOWS, platformName: WINDOWS, proxy: Proxy(), setWindowRect: true, strictFileInteractability: false, timeouts: {implicit: 0, pageLoad: 300000, script: 30000}, unhandledPromptBehavior: dismiss and notify, webauthn:virtualAuthenticators: true}
Session ID: 7fcf66f2f077b0e59156f420d26d4616
at org.openqa.selenium.remote.http.W3CHttpResponseCodec.createException(W3CHttpResponseCodec.java:187)
at org.openqa.selenium.remote.http.W3CHttpResponseCodec.decode(W3CHttpResponseCodec.java:122)
at org.openqa.selenium.remote.http.W3CHttpResponseCodec.decode(W3CHttpResponseCodec.java:49)
at org.openqa.selenium.remote.HttpCommandExecutor.execute(HttpCommandExecutor.java:158)
at org.openqa.selenium.remote.service.DriverCommandExecutor.execute(DriverCommandExecutor.java:83)
at org.openqa.selenium.remote.RemoteWebDriver.execute(RemoteWebDriver.java:552)
at org.openqa.selenium.remote.RemoteWebElement.execute(RemoteWebElement.java:285)
at org.openqa.selenium.remote.RemoteWebElement.click(RemoteWebElement.java:84)
at org.openqa.selenium.support.pagefactory.internal.LocatingElementHandler.invoke(LocatingElementHandler.java:51)
at com.sun.proxy.$Proxy10.click(Unknown Source)
at com.pncbank.PageObjects.DepositPage.ClickonDepositLink(DepositPage.java:37)
at com.pncbank.TestCases.TC_DepositMoneyTest_006.depositMoney(TC_DepositMoneyTest_006.java:30)
... Removed 32 stack frames]]>
    </failure>
  </testcase> <!-- depositMoney -->
</testsuite> <!-- BankingApp Test -->
